LIBCIFPP_DATA_DIR has been set to: /home/gquarg/data/conda/envs/topology/share/libcifpp
============================================================
STEP 1: Parsing datasets
============================================================
Dataset T: 6 proteins, 76 viable + 100 inviable = 176 sites
Dataset S4: 760 proteins with 1087 CP sites (experimental group)
Dataset S2: 1049 proteins (comparison group, whole sequences)

============================================================
STEP 2: Downloading PDB structures
============================================================
  Progress: 50/1050 (downloaded: 49, failed: 1)
  Progress: 100/1050 (downloaded: 99, failed: 1)
  Progress: 150/1050 (downloaded: 149, failed: 1)
  Progress: 200/1050 (downloaded: 199, failed: 1)
  Progress: 250/1050 (downloaded: 249, failed: 1)
  Progress: 300/1050 (downloaded: 299, failed: 1)
  Progress: 350/1050 (downloaded: 349, failed: 1)
  Progress: 400/1050 (downloaded: 399, failed: 1)
  Progress: 450/1050 (downloaded: 449, failed: 1)
  Progress: 500/1050 (downloaded: 499, failed: 1)
  Progress: 550/1050 (downloaded: 549, failed: 1)
  Progress: 600/1050 (downloaded: 599, failed: 1)
  Progress: 650/1050 (downloaded: 649, failed: 1)
  Progress: 700/1050 (downloaded: 699, failed: 1)
  Progress: 750/1050 (downloaded: 749, failed: 1)
  Progress: 800/1050 (downloaded: 799, failed: 1)
  Progress: 850/1050 (downloaded: 849, failed: 1)
  Progress: 900/1050 (downloaded: 899, failed: 1)
  Progress: 950/1050 (downloaded: 949, failed: 1)
  Progress: 1000/1050 (downloaded: 999, failed: 1)
  Progress: 1050/1050 (downloaded: 1049, failed: 1)
  S2+S4 PDBs - Downloaded: 1049, Failed: 1
  Dataset T PDBs downloaded: ['1gfl', '1a2j', '2b3p', '2b3q', '5mbn', '1pii']
  Downloading DHFR (1RX4)...

============================================================
STEP 3: Building propensity tables (S4 experimental vs S2 comparison)
============================================================
  All propensity tables already exist, loading from disk...

============================================================
STEP 4: Extracting features (Dataset T proteins only)
============================================================
  1gfl: 20 labeled sites (9 viable, 11 inviable), RMSF nonzero=20/20
  1a2j: 22 labeled sites (11 viable, 11 inviable), RMSF nonzero=22/22
  2b3p: 14 labeled sites (13 viable, 1 inviable), RMSF nonzero=14/14
  2b3q: 14 labeled sites (3 viable, 11 inviable), RMSF nonzero=14/14
  5mbn: 64 labeled sites (6 viable, 58 inviable), RMSF nonzero=64/64
  1pii: 42 labeled sites (34 viable, 8 inviable), RMSF nonzero=42/42
  Processed: 6, Skipped: 0

  Training matrix: (176, 47)
  Feature names (47): ['R_aa', 'R_aac3', 'R_aac5', '2R_aa', '2R_aac3']...['dis_hpho', 'farness_buried', 'farness_hydrophobic']
  Positive (viable CP sites): 76
  Negative (inviable CP sites): 100
  Ratio: 1:1.3
  (No downsampling needed — Dataset T is naturally balanced)

  Feature means (viable vs inviable):
    Cat A (seq propensity):  viable=0.0685  inviable=0.0369
    Cat B (SS propensity):   viable=0.3467  inviable=-0.0958
    Cat C (tertiary):        viable=0.4813  inviable=-0.2005
    R_aa                : viable=+0.313  inviable=+0.056  diff=+0.257
    RxR_aac3            : viable=+0.022  inviable=+0.028  diff=-0.006
    rsa                 : viable=+0.650  inviable=-0.184  diff=+0.834
    farness_buried      : viable=+0.465  inviable=-0.308  diff=+0.772
    rmsf                : viable=+0.610  inviable=-0.168  diff=+0.777
    gnm_msf             : viable=+0.448  inviable=-0.213  diff=+0.661

============================================================
STEP 5: Training final ensemble model
============================================================
Training Random Forest...
Training SVM...
Training ANN...
Training Hierarchical model...
Ensemble training complete.

Ensemble training set metrics:
  auc: 0.9855
  sensitivity: 1.0000
  specificity: 0.9000
  accuracy: 0.9432
  mcc: 0.8918
  threshold: 0.4270

  RF metrics:
    auc: 1.0000
    sensitivity: 1.0000
    specificity: 1.0000
    accuracy: 1.0000
    mcc: 1.0000
    threshold: 0.6820

  SVM metrics:
    auc: 0.8913
    sensitivity: 0.9868
    specificity: 0.6400
    accuracy: 0.7898
    mcc: 0.6433
    threshold: 0.2629

  ANN metrics:
    auc: 0.9926
    sensitivity: 0.9868
    specificity: 0.9400
    accuracy: 0.9602
    mcc: 0.9211
    threshold: 0.3868

  HI metrics:
    auc: 0.8160
    sensitivity: 0.7763
    specificity: 0.7300
    accuracy: 0.7500
    mcc: 0.5017
    threshold: 0.4000

Models saved to cpred/data/trained_models

============================================================
STEP 6: Independent test on DHFR (1RX4)
============================================================

  DHFR results (159 sites, 86 viable, 73 inviable):
    auc: 0.7837
    sensitivity: 0.7791
    specificity: 0.7671
    accuracy: 0.7736
    mcc: 0.5452
    threshold: 0.4085
    [RF ] AUC=0.7682  Sens=0.733  Spec=0.699  MCC=0.431
    [SVM] AUC=0.7848  Sens=0.814  Spec=0.685  MCC=0.505
    [ANN] AUC=0.6668  Sens=0.756  Spec=0.589  MCC=0.350
    [HI ] AUC=0.7807  Sens=0.849  Spec=0.630  MCC=0.494

  Paper reference (DHFR independent test):
    AUC:         0.906
    Sensitivity: 0.709
    Specificity: 0.918
    MCC:         0.633

  Top 10 predicted CP sites:
   Res#  AA   Prob
     70   D 0.8944
     71   R 0.8615
     36   L 0.8323
     18   N 0.8308
     37   D 0.8093
     65   Q 0.8004
     69   D 0.7851
    146   Q 0.7822
     19   A 0.7763
    145   A 0.7722

============================================================
TRAINING COMPLETE!
============================================================
