LIBCIFPP_DATA_DIR has been set to: /home/gquarg/data/conda/envs/topology/share/libcifpp
Feature                    Train AUC     CV AUC   DHFR AUC  Viable mean Inviable mean
-----------------------------------------------------------------------------------------------
R_aa                          0.5726     0.5834     0.6602      +0.3134       +0.0560
R_aac3                        0.5830     0.5576     0.6004      +0.2002       +0.0083
R_aac5                        0.5763     0.5811     0.5632      +0.1435       +0.0009
2R_aa                         0.5054     0.5071     0.5588      +0.1292       +0.0970
2R_aac3                       0.6715     0.6629     0.6491      +0.3974       -0.1540
2R_aac5                       0.5388     0.5390     0.6031      +0.1244       -0.0275
RxR_aa                        0.5211     0.5098     0.5901      +0.1983       +0.0988
RxR_aac3                      0.6287     0.6238     0.5682      +0.1317       -0.3108
RxR_aac5                      0.5470     0.5487     0.5735      +0.0273       -0.0823
R2xR_aa                       0.5139     0.5204     0.6086      +0.0012       +0.0713
R2xR_aac3                     0.6024     0.6099     0.5844      +0.2428       -0.1511
R2xR_aac5                     0.5155     0.5194     0.6064      -0.1193       -0.1753
R3xR_aac3                     0.5288     0.5170     0.5339      -0.0274       -0.1734
R3xR_aac5                     0.5411     0.5513     0.5538      -0.0541       -0.1593
3R_aac3                       0.7037     0.6904     0.6575      +0.3550       -0.1918
3R_aac5                       0.5225     0.5069     0.5707      +0.0192       -0.0400
4R_aac3                       0.5893     0.6021     0.5472      +0.1185       -0.2232
4R_aac5                       0.5180     0.5277     0.5432      +0.0488       +0.0358
5R_aac3                       0.6385     0.6401     0.6051      +0.1566       -0.1881
R_sse                         0.7117     0.7076     0.7429      +0.6853       -0.0920
2R_sse                        0.7035     0.7012     0.7205      +0.6906       -0.0256
RxR_sse                       0.7064     0.7072     0.6837      +0.6282       -0.0925
R2xR_sse                      0.6182     0.6273     0.6299      +0.4243       -0.1001
R3xR_sse                      0.5611     0.5722     0.6240      +0.2156       -0.1365
R_rm                          0.7386     0.7364     0.5493      +0.7619       -0.0873
2R_rm                         0.6563     0.6712     0.6137      +0.4539       +0.0185
RxR_rm                        0.5995     0.5982     0.4939      +0.1707       -0.0304
R2xR_rm                       0.6243     0.6154     0.5230      +0.1389       -0.1314
R3xR_rm                       0.5964     0.5921     0.5873      -0.0740       -0.0624
R_ka                          0.6546     0.6487     0.5273      +0.4188       -0.0069
2R_ka                         0.6734     0.6815     0.5536      +0.4943       +0.0170
RxR_ka                        0.6272     0.6394     0.5538      +0.3578       -0.0566
R2xR_ka                       0.6706     0.6655     0.5818      +0.1933       -0.1061
R3xR_ka                       0.6700     0.6676     0.5484      +0.2247       -0.2185
rsa                           0.7212     0.7286     0.8040      +0.6500       -0.1843
depth                         0.6891     0.7077     0.7739      +0.4063       -0.2178
cm                            0.5801     0.5930     0.8479      +0.2705       +0.0128
hbond                         0.7264     0.7144     0.8209      +0.7355       -0.0958
closeness                     0.6320     0.6280     0.8226      +0.3105       -0.0898
cn                            0.7293     0.7385     0.8276      +0.6278       -0.2812
wcn                           0.6989     0.6930     0.8735      +0.5331       -0.1588
gnm_msf                       0.7126     0.7080     0.8289      +0.4478       -0.2134
dis_b                         0.7495     0.7629     0.8689      +0.6602       -0.2298
dis_hpho                      0.7114     0.7020     0.6598      +0.3014       -0.3471
farness_buried                0.7561     0.7493     0.7953      +0.4647       -0.3075
farness_hydrophobic           0.7746     0.7787     0.7893      +0.2397       -0.3259

Category                   Train AUC     CV AUC   DHFR AUC
------------------------------------------------------------
Cat A (seq propensity)        0.6363     0.6361     0.6757
Cat B (SS propensity)         0.7679     0.7798     0.6708
Cat C (tertiary)              0.7420     0.7286     0.8500

Paper reference (from Table S3 and text):
  Category A average MCC:  0.27  (10-fold CV on Dataset T)
  Category B average MCC:  0.49
  Sequence propensity AUC: ~0.60 (page 5)
  SS propensity AUC:       ~0.73 (page 5)
  RSA AUC:                 0.69  (page 5)
  CM AUC:                  0.74  (page 5)
  CN AUC:                  0.78  (Figure 3E, 6.4A radius)
  WCN AUC:                 0.79  (Figure 3G)
  Closeness AUC:           0.73  (page 5)
  Depth AUC:               0.63  (page 5)

  Overall system:
    10-fold CV on T: AUC=0.91, Sens=0.86, Spec=0.79, MCC=0.63
    DHFR:            AUC=0.91, Sens=0.71, Spec=0.92, MCC=0.64

