LIBCIFPP_DATA_DIR has been set to: /home/gquarg/data/conda/envs/topology/share/libcifpp
============================================================
STEP 1: Parsing datasets
============================================================
Dataset T: 6 proteins, 76 viable + 100 inviable = 176 sites
Dataset S4: 760 proteins with 1087 CP sites (experimental group)
Dataset S2: 1049 proteins (comparison group, whole sequences)

============================================================
STEP 2: Downloading PDB structures
============================================================
  Progress: 50/1050 (downloaded: 49, failed: 1)
  Progress: 100/1050 (downloaded: 99, failed: 1)
  Progress: 150/1050 (downloaded: 149, failed: 1)
  Progress: 200/1050 (downloaded: 199, failed: 1)
  Progress: 250/1050 (downloaded: 249, failed: 1)
  Progress: 300/1050 (downloaded: 299, failed: 1)
  Progress: 350/1050 (downloaded: 349, failed: 1)
  Progress: 400/1050 (downloaded: 399, failed: 1)
  Progress: 450/1050 (downloaded: 449, failed: 1)
  Progress: 500/1050 (downloaded: 499, failed: 1)
  Progress: 550/1050 (downloaded: 549, failed: 1)
  Progress: 600/1050 (downloaded: 599, failed: 1)
  Progress: 650/1050 (downloaded: 649, failed: 1)
  Progress: 700/1050 (downloaded: 699, failed: 1)
  Progress: 750/1050 (downloaded: 749, failed: 1)
  Progress: 800/1050 (downloaded: 799, failed: 1)
  Progress: 850/1050 (downloaded: 849, failed: 1)
  Progress: 900/1050 (downloaded: 899, failed: 1)
  Progress: 950/1050 (downloaded: 949, failed: 1)
  Progress: 1000/1050 (downloaded: 999, failed: 1)
  Progress: 1050/1050 (downloaded: 1049, failed: 1)
  S2+S4 PDBs - Downloaded: 1049, Failed: 1
  Dataset T PDBs downloaded: ['1gfl', '1a2j', '2b3p', '2b3q', '5mbn', '1pii']
  Downloading DHFR (1RX4)...

============================================================
STEP 3: Building propensity tables (S4 experimental vs S2 comparison)
============================================================
  Missing or incomplete tables: ['dssp', 'di_dssp']
Building propensity tables from training data...
  Only rebuilding: ['di_dssp', 'dssp']
  Parsing 760 S4 (experimental) PDB files with 8 workers...
  Parsed 50/760 S4 proteins...
  Parsed 100/760 S4 proteins...
  Parsed 150/760 S4 proteins...
  Parsed 200/760 S4 proteins...
  Parsed 250/760 S4 proteins...
  Parsed 300/760 S4 proteins...
  Parsed 350/760 S4 proteins...
  Parsed 400/760 S4 proteins...
  Parsed 450/760 S4 proteins...
  Parsed 500/760 S4 proteins...
  Parsed 550/760 S4 proteins...
  Parsed 600/760 S4 proteins...
  Parsed 650/760 S4 proteins...
  Parsed 700/760 S4 proteins...
  Parsed 750/760 S4 proteins...
  Parsed 760/760 S4 proteins...
  Parsing 290 S2-only (comparison) PDB files with 8 workers...
  Parsed 50/290 S2-only proteins...
  Parsed 100/290 S2-only proteins...
  Parsed 150/290 S2-only proteins...
  Parsed 200/290 S2-only proteins...
  Parsed 250/290 S2-only proteins...
  Parsed 290/290 S2-only proteins...
  Building dssp (6432 exp, 206395 comp)...
    CPU mode (3 elements, 99999 permutations)
    CPU: generating 99999 permutations of 212827 elements...
    CPU: processed elements 3/3
  -> dssp done: 3 elements
  Building di_dssp (5513 exp, 206394 comp, 9 unique)...
    CPU mode (9 elements, 99999 permutations)
    CPU: generating 99999 permutations of 211907 elements...
    CPU: processed elements 9/9
  -> di_dssp done: 9 elements
  Propensity tables built and saved.

============================================================
STEP 4: Extracting features (Dataset T proteins only)
============================================================
  1gfl: 20 labeled sites (9 viable, 11 inviable)
  1a2j: 22 labeled sites (11 viable, 11 inviable)
  2b3p: 14 labeled sites (13 viable, 1 inviable)
  2b3q: 14 labeled sites (3 viable, 11 inviable)
  5mbn: 64 labeled sites (6 viable, 58 inviable)
  1pii: 42 labeled sites (34 viable, 8 inviable)
  Processed: 6, Skipped: 0

  Training matrix: (176, 46)
  Feature names (46): ['R_aa', 'R_aac3', 'R_aac5', '2R_aa', '2R_aac3']...['dis_hpho', 'farness_buried', 'farness_hydrophobic']
  Positive (viable CP sites): 76
  Negative (inviable CP sites): 100
  Ratio: 1:1.3
  (No downsampling needed — Dataset T is naturally balanced)

  Feature means (viable vs inviable):
    Cat A (seq propensity):  viable=0.1267  inviable=-0.0794
    Cat B (SS propensity):   viable=0.3856  inviable=-0.0741
    Cat C (tertiary):        viable=0.4706  inviable=-0.2032
    R_aa                : viable=+0.313  inviable=+0.056  diff=+0.257
    RxR_aac3            : viable=+0.132  inviable=-0.311  diff=+0.443
    rsa                 : viable=+0.650  inviable=-0.184  diff=+0.834
    farness_buried      : viable=+0.465  inviable=-0.308  diff=+0.772
    gnm_msf             : viable=+0.448  inviable=-0.213  diff=+0.661

============================================================
STEP 5: Training final ensemble model
============================================================
Training Random Forest...
Training SVM...
Training ANN...
Training Hierarchical model...
Ensemble training complete.

Ensemble training set metrics:
  auc: 0.9809
  sensitivity: 0.9868
  specificity: 0.9000
  accuracy: 0.9375
  mcc: 0.8791
  threshold: 0.4723

  RF metrics:
    auc: 1.0000
    sensitivity: 1.0000
    specificity: 1.0000
    accuracy: 1.0000
    mcc: 1.0000
    threshold: 0.7260

  SVM metrics:
    auc: 0.9282
    sensitivity: 0.8816
    specificity: 0.8300
    accuracy: 0.8523
    mcc: 0.7057
    threshold: 0.4574

  ANN metrics:
    auc: 0.9821
    sensitivity: 0.9737
    specificity: 0.9000
    accuracy: 0.9318
    mcc: 0.8664
    threshold: 0.3437

  HI metrics:
    auc: 0.8253
    sensitivity: 0.8421
    specificity: 0.7000
    accuracy: 0.7614
    mcc: 0.5383
    threshold: 0.3023

Models saved to cpred/data/trained_models

============================================================
STEP 6: Independent test on DHFR (1RX4)
============================================================

  DHFR results (159 sites, 86 viable, 73 inviable):
    auc: 0.8069
    sensitivity: 0.8256
    specificity: 0.6986
    accuracy: 0.7673
    mcc: 0.5302
    threshold: 0.3023
    [RF ] AUC=0.8121  Sens=0.802  Spec=0.753  MCC=0.556
    [SVM] AUC=0.7773  Sens=0.779  Spec=0.726  MCC=0.506
    [ANN] AUC=0.7351  Sens=0.826  Spec=0.630  MCC=0.467
    [HI ] AUC=0.8094  Sens=0.895  Spec=0.630  MCC=0.551

  Paper reference (DHFR independent test):
    AUC:         0.906
    Sensitivity: 0.709
    Specificity: 0.918
    MCC:         0.633

  Top 10 predicted CP sites:
   Res#  AA   Prob
     65   Q 0.8640
     70   D 0.8248
     17   E 0.8235
     66   P 0.8202
     18   N 0.8135
     69   D 0.8029
    120   E 0.7996
    122   D 0.7973
     36   L 0.7962
    121   G 0.7940

============================================================
TRAINING COMPLETE!
============================================================
