LIBCIFPP_DATA_DIR has been set to: /home/gquarg/data/conda/envs/topology/share/libcifpp
============================================================
STEP 1: Parsing datasets
============================================================
Dataset T: 6 proteins, 76 viable + 100 inviable = 176 sites
Dataset S4: 760 proteins with 1087 CP sites (experimental group)
Dataset S2: 1049 proteins (comparison group, whole sequences)

============================================================
STEP 2: Downloading PDB structures
============================================================
  Progress: 50/1050 (downloaded: 49, failed: 1)
  Progress: 100/1050 (downloaded: 99, failed: 1)
  Progress: 150/1050 (downloaded: 149, failed: 1)
  Progress: 200/1050 (downloaded: 199, failed: 1)
  Progress: 250/1050 (downloaded: 249, failed: 1)
  Progress: 300/1050 (downloaded: 299, failed: 1)
  Progress: 350/1050 (downloaded: 349, failed: 1)
  Progress: 400/1050 (downloaded: 399, failed: 1)
  Progress: 450/1050 (downloaded: 449, failed: 1)
  Progress: 500/1050 (downloaded: 499, failed: 1)
  Progress: 550/1050 (downloaded: 549, failed: 1)
  Progress: 600/1050 (downloaded: 599, failed: 1)
  Progress: 650/1050 (downloaded: 649, failed: 1)
  Progress: 700/1050 (downloaded: 699, failed: 1)
  Progress: 750/1050 (downloaded: 749, failed: 1)
  Progress: 800/1050 (downloaded: 799, failed: 1)
  Progress: 850/1050 (downloaded: 849, failed: 1)
  Progress: 900/1050 (downloaded: 899, failed: 1)
  Progress: 950/1050 (downloaded: 949, failed: 1)
  Progress: 1000/1050 (downloaded: 999, failed: 1)
  Progress: 1050/1050 (downloaded: 1049, failed: 1)
  S2+S4 PDBs - Downloaded: 1049, Failed: 1
  Dataset T PDBs downloaded: ['1gfl', '1a2j', '2b3p', '2b3q', '5mbn', '1pii']
  Downloading DHFR (1RX4)...

============================================================
STEP 3: Building propensity tables (S4 experimental vs S2 comparison)
============================================================
  Missing or incomplete tables: ['single_aa', 'di_residue', 'oligo_residue', 'single_aac3', 'di_aac3', 'oligo_aac3', 'single_aac5', 'di_aac5', 'oligo_aac5', 'dssp', 'di_dssp', 'ramachandran', 'di_ramachandran', 'kappa_alpha', 'di_kappa_alpha']
Building propensity tables from training data...
  Parsing 760 S4 (experimental) PDB files with 8 workers...
  Parsed 50/760 S4 proteins...
  Parsed 100/760 S4 proteins...
  Parsed 150/760 S4 proteins...
  Parsed 200/760 S4 proteins...
  Parsed 250/760 S4 proteins...
  Parsed 300/760 S4 proteins...
  Parsed 350/760 S4 proteins...
  Parsed 400/760 S4 proteins...
  Parsed 450/760 S4 proteins...
  Parsed 500/760 S4 proteins...
  Parsed 550/760 S4 proteins...
  Parsed 600/760 S4 proteins...
  Parsed 650/760 S4 proteins...
  Parsed 700/760 S4 proteins...
  Parsed 750/760 S4 proteins...
  Parsed 760/760 S4 proteins...
  Parsing 290 S2-only (comparison) PDB files with 8 workers...
  Parsed 50/290 S2-only proteins...
  Parsed 100/290 S2-only proteins...
  Parsed 150/290 S2-only proteins...
  Parsed 200/290 S2-only proteins...
  Parsed 250/290 S2-only proteins...
  Parsed 290/290 S2-only proteins...
  Building single_aa (6432 exp, 206395 comp)...
    CPU mode (20 elements, 99999 permutations)
    CPU: generating 99999 permutations of 212827 elements...
    CPU: processed elements 20/20
  -> single_aa done: 20 elements
  Building di_residue (5513 exp, 206394 comp, 400 unique)...
    CPU mode (400 elements, 99999 permutations)
    CPU: generating 99999 permutations of 211907 elements...
    CPU: processed elements 400/400
  -> di_residue done: 400 elements
  Building oligo_residue (4594 exp, 206393 comp, 7917 unique)...
    CPU mode (7917 elements, 99999 permutations)
    CPU: generating 99999 permutations of 210987 elements...
    CPU: processed elements 512/7917
    CPU: processed elements 1024/7917
    CPU: processed elements 1536/7917
    CPU: processed elements 2048/7917
    CPU: processed elements 2560/7917
    CPU: processed elements 3072/7917
    CPU: processed elements 3584/7917
    CPU: processed elements 4096/7917
    CPU: processed elements 4608/7917
    CPU: processed elements 5120/7917
    CPU: processed elements 5632/7917
    CPU: processed elements 6144/7917
    CPU: processed elements 6656/7917
    CPU: processed elements 7168/7917
    CPU: processed elements 7680/7917
    CPU: processed elements 7917/7917
  -> oligo_residue done: 7917 elements
  Building single_aac3 (6432 exp, 206395 comp)...
    CPU mode (3 elements, 99999 permutations)
    CPU: generating 99999 permutations of 212827 elements...
    CPU: processed elements 3/3
  -> single_aac3 done: 3 elements
  Building di_aac3 (5513 exp, 206394 comp, 9 unique)...
    CPU mode (9 elements, 99999 permutations)
    CPU: generating 99999 permutations of 211907 elements...
    CPU: processed elements 9/9
  -> di_aac3 done: 9 elements
  Building oligo_aac3 tri-grams (4594 exp, 206393 comp)...
    CPU mode (27 elements, 99999 permutations)
    CPU: generating 99999 permutations of 210987 elements...
    CPU: processed elements 27/27
  Building oligo_aac3 skip-center 4-grams (2756 exp, 206391 comp)...
    CPU mode (81 elements, 99999 permutations)
    CPU: generating 99999 permutations of 209147 elements...
    CPU: processed elements 81/81
  Building oligo_aac3 penta-grams (2756 exp, 206391 comp)...
    CPU mode (243 elements, 99999 permutations)
    CPU: generating 99999 permutations of 209147 elements...
    CPU: processed elements 243/243
  -> oligo_aac3 done: 351 elements
  Building single_aac5 (6432 exp, 206395 comp)...
    CPU mode (5 elements, 99999 permutations)
    CPU: generating 99999 permutations of 212827 elements...
    CPU: processed elements 5/5
  -> single_aac5 done: 5 elements
  Building di_aac5 (5513 exp, 206394 comp, 25 unique)...
    CPU mode (25 elements, 99999 permutations)
    CPU: generating 99999 permutations of 211907 elements...
    CPU: processed elements 25/25
  -> di_aac5 done: 25 elements
  Building oligo_aac5 tri-grams (4594 exp, 206393 comp)...
    CPU mode (125 elements, 99999 permutations)
    CPU: generating 99999 permutations of 210987 elements...
    CPU: processed elements 125/125
  Building oligo_aac5 skip-center 4-grams (2756 exp, 206391 comp)...
    CPU mode (625 elements, 99999 permutations)
    CPU: generating 99999 permutations of 209147 elements...
    CPU: processed elements 512/625
    CPU: processed elements 625/625
  -> oligo_aac5 done: 750 elements
  Building dssp (6432 exp, 206395 comp)...
    CPU mode (9 elements, 99999 permutations)
    CPU: generating 99999 permutations of 212827 elements...
    CPU: processed elements 9/9
  -> dssp done: 9 elements
  Building di_dssp (5513 exp, 206394 comp, 75 unique)...
    CPU mode (75 elements, 99999 permutations)
    CPU: generating 99999 permutations of 211907 elements...
    CPU: processed elements 75/75
  -> di_dssp done: 75 elements
  Building ramachandran (6432 exp, 206395 comp)...
    CPU mode (23 elements, 99999 permutations)
    CPU: generating 99999 permutations of 212827 elements...
    CPU: processed elements 23/23
  -> ramachandran done: 23 elements
  Building di_ramachandran (5513 exp, 206394 comp, 529 unique)...
    CPU mode (529 elements, 99999 permutations)
    CPU: generating 99999 permutations of 211907 elements...
    CPU: processed elements 512/529
    CPU: processed elements 529/529
  -> di_ramachandran done: 529 elements
  Building kappa_alpha (6432 exp, 206395 comp)...
    CPU mode (23 elements, 99999 permutations)
    CPU: generating 99999 permutations of 212827 elements...
    CPU: processed elements 23/23
  -> kappa_alpha done: 23 elements
  Building di_kappa_alpha (5513 exp, 206394 comp, 477 unique)...
    CPU mode (477 elements, 99999 permutations)
    CPU: generating 99999 permutations of 211907 elements...
    CPU: processed elements 477/477
  -> di_kappa_alpha done: 477 elements
  Propensity tables built and saved.

============================================================
STEP 4: Extracting features (Dataset T proteins only)
============================================================
  1gfl: 20 labeled sites (9 viable, 11 inviable)
  1a2j: 22 labeled sites (11 viable, 11 inviable)
  2b3p: 14 labeled sites (13 viable, 1 inviable)
  2b3q: 14 labeled sites (3 viable, 11 inviable)
  5mbn: 64 labeled sites (6 viable, 58 inviable)
  1pii: 42 labeled sites (34 viable, 8 inviable)
  Processed: 6, Skipped: 0

  Training matrix: (176, 46)
  Feature names (46): ['R_aa', 'R_aac3', 'R_aac5', '2R_aa', '2R_aac3']...['dis_hpho', 'farness_buried', 'farness_hydrophobic']
  Positive (viable CP sites): 76
  Negative (inviable CP sites): 100
  Ratio: 1:1.3
  (No downsampling needed — Dataset T is naturally balanced)

  Feature means (viable vs inviable):
    Cat A (seq propensity):  viable=0.1267  inviable=-0.0798
    Cat B (SS propensity):   viable=0.3471  inviable=-0.0958
    Cat C (tertiary):        viable=0.4706  inviable=-0.2032
    R_aa                : viable=+0.313  inviable=+0.056  diff=+0.257
    RxR_aac3            : viable=+0.132  inviable=-0.311  diff=+0.443
    rsa                 : viable=+0.650  inviable=-0.184  diff=+0.834
    farness_buried      : viable=+0.465  inviable=-0.308  diff=+0.772
    gnm_msf             : viable=+0.448  inviable=-0.213  diff=+0.661

============================================================
STEP 5: Training final ensemble model
============================================================
Training Random Forest...
Training SVM...
Training ANN...
Training Hierarchical model...
Ensemble training complete.

Ensemble training set metrics:
  auc: 0.9949
  sensitivity: 0.9868
  specificity: 0.9700
  accuracy: 0.9773
  mcc: 0.9541
  threshold: 0.5169

  RF metrics:
    auc: 1.0000
    sensitivity: 1.0000
    specificity: 1.0000
    accuracy: 1.0000
    mcc: 1.0000
    threshold: 0.7040

  SVM metrics:
    auc: 0.8508
    sensitivity: 0.9737
    specificity: 0.5700
    accuracy: 0.7443
    mcc: 0.5705
    threshold: 0.3235

  ANN metrics:
    auc: 0.9904
    sensitivity: 0.9868
    specificity: 0.9300
    accuracy: 0.9545
    mcc: 0.9104
    threshold: 0.1801

  HI metrics:
    auc: 0.8243
    sensitivity: 0.8816
    specificity: 0.6600
    accuracy: 0.7557
    mcc: 0.5425
    threshold: 0.2273

Models saved to cpred/data/trained_models

============================================================
STEP 6: Independent test on DHFR (1RX4)
============================================================

  DHFR results (159 sites, 86 viable, 73 inviable):
    auc: 0.7912
    sensitivity: 0.8023
    specificity: 0.7123
    accuracy: 0.7610
    mcc: 0.5175
    threshold: 0.3767
    [RF ] AUC=0.7451  Sens=0.779  Spec=0.658  MCC=0.441
    [SVM] AUC=0.8254  Sens=0.826  Spec=0.699  MCC=0.530
    [ANN] AUC=0.6891  Sens=0.686  Spec=0.658  MCC=0.343
    [HI ] AUC=0.7952  Sens=0.791  Spec=0.685  MCC=0.479

  Paper reference (DHFR independent test):
    AUC:         0.906
    Sensitivity: 0.709
    Specificity: 0.918
    MCC:         0.633

  Top 10 predicted CP sites:
   Res#  AA   Prob
     70   D 0.8758
     18   N 0.8352
     71   R 0.8202
    120   E 0.8193
     69   D 0.7931
     17   E 0.7911
    121   G 0.7896
     37   D 0.7818
     19   A 0.7705
    147   N 0.7632

============================================================
TRAINING COMPLETE!
============================================================
